<?xml version="1.0" encoding="UTF-8"?>
<!-- Generated by org.testng.reporters.JUnitXMLReporter -->
<testsuite ignored="0" hostname="Nanirams-MBP.cable.rcn.com" failures="1" tests="10" name="Surefire test" time="2.602" errors="0" timestamp="2023-02-19T11:58:39 EST">
  <testcase classname="RestAssuredProject.Restful_bookerTest" name="getAllRequest" time="0.836"/>
  <testcase classname="RestAssuredProject.Restful_bookerTest" name="PingRequest" time="0.146"/>
  <testcase classname="RestAssuredProject.Restful_bookerTest" name="testPost" time="0.498"/>
  <testcase classname="RestAssuredProject.Restful_bookerTest" name="testPostusingJsonLibrary" time="0.165"/>
  <testcase classname="RestAssuredProject.Restful_bookerTest" name="filterByID" time="0.144"/>
  <testcase classname="RestAssuredProject.Restful_bookerTest" name="CreateToken" time="0.145"/>
  <testcase classname="RestAssuredProject.Restful_bookerTest" name="PutRequest" time="0.183"/>
  <testcase classname="RestAssuredProject.Restful_bookerTest" name="testDelete" time="0.138">
    <failure type="java.lang.AssertionError" message="1 expectation failed.
Expected status code &amp;lt;201&amp;gt; but was &amp;lt;405&amp;gt;.
">
      <![CDATA[java.lang.AssertionError: 1 expectation failed.
Expected status code <201> but was <405>.

at org.codehaus.groovy.runtime.callsite.ConstructorSite$ConstructorSiteNoUnwrapNoCoerce.callConstructor(ConstructorSite.java:108)
at org.codehaus.groovy.runtime.callsite.CallSiteArray.defaultCallConstructor(CallSiteArray.java:57)
at org.codehaus.groovy.runtime.callsite.AbstractCallSite.callConstructor(AbstractCallSite.java:263)
at org.codehaus.groovy.runtime.callsite.AbstractCallSite.callConstructor(AbstractCallSite.java:277)
at io.restassured.internal.ResponseSpecificationImpl$HamcrestAssertionClosure.validate(ResponseSpecificationImpl.groovy:512)
at io.restassured.internal.ResponseSpecificationImpl$HamcrestAssertionClosure$validate$1.call(Unknown Source)
at io.restassured.internal.ResponseSpecificationImpl.validateResponseIfRequired(ResponseSpecificationImpl.groovy:696)
at io.restassured.internal.ResponseSpecificationImpl.this$2$validateResponseIfRequired(ResponseSpecificationImpl.groovy)
at org.codehaus.groovy.runtime.callsite.PlainObjectMetaMethodSite.doInvoke(PlainObjectMetaMethodSite.java:43)
at org.codehaus.groovy.runtime.callsite.PogoMetaMethodSite$PogoCachedMethodSiteNoUnwrapNoCoerce.invoke(PogoMetaMethodSite.java:198)
at org.codehaus.groovy.runtime.callsite.PogoMetaMethodSite.callCurrent(PogoMetaMethodSite.java:62)
at org.codehaus.groovy.runtime.callsite.AbstractCallSite.callCurrent(AbstractCallSite.java:185)
at io.restassured.internal.ResponseSpecificationImpl.statusCode(ResponseSpecificationImpl.groovy:135)
at io.restassured.specification.ResponseSpecification$statusCode$0.callCurrent(Unknown Source)
at io.restassured.internal.ResponseSpecificationImpl.statusCode(ResponseSpecificationImpl.groovy:143)
at io.restassured.internal.ValidatableResponseOptionsImpl.statusCode(ValidatableResponseOptionsImpl.java:89)
at RestAssuredProject.Restful_bookerTest.testDelete(Restful_bookerTest.java:179)
at java.base/java.util.ArrayList.forEach(ArrayList.java:1511)
... Removed 36 stack frames]]>
    </failure>
  </testcase> <!-- testDelete -->
  <testcase classname="RestAssuredProject.Restful_bookerTest" name="testPartialUpdate" time="0.143"/>
  <testcase classname="RestAssuredProject.Restful_bookerTest" name="filterByValidName" time="0.15"/>
</testsuite> <!-- Surefire test -->
